2018-08-05T14:10:13.8034864-03:00 0HLFQUP7FTNL8:00000001 [INF] Request starting HTTP/1.1 GET http://localhost:5101/api/healthsystem   (ca22a1cb)
2018-08-05T14:10:14.0947959-03:00 0HLFQUP7FTNL8:00000001 [INF] Route matched with "{action = \"Get\", controller = \"HealthSystem\"}". Executing action "CalemasERP.Core.Api.Controllers.HealthSystemController.Get (Project.Api)" (a44c0341)
2018-08-05T14:10:14.1106531-03:00 0HLFQUP7FTNL8:00000001 [INF] Executing action method "CalemasERP.Core.Api.Controllers.HealthSystemController.Get (Project.Api)" - Validation state: Valid (dad538d7)
2018-08-05T14:10:14.1531829-03:00 0HLFQUP7FTNL8:00000001 [INF] Executed action method "CalemasERP.Core.Api.Controllers.HealthSystemController.Get (Project.Api)", returned result "Microsoft.AspNetCore.Mvc.ObjectResult" in 38.2211ms. (50a9e262)
2018-08-05T14:10:14.1627642-03:00 0HLFQUP7FTNL8:00000001 [INF] Executing ObjectResult, writing value of type '"System.String"'. (8a1b66c8)
2018-08-05T14:10:14.1744679-03:00 0HLFQUP7FTNL8:00000001 [INF] Executed action "CalemasERP.Core.Api.Controllers.HealthSystemController.Get (Project.Api)" in 73.0159ms (afa2e885)
2018-08-05T14:10:14.1898452-03:00 0HLFQUP7FTNL8:00000001 [INF] Request finished in 400.1065ms 200 text/plain; charset=utf-8 (791a596a)
2018-08-05T14:10:14.2898867-03:00 0HLFQUP7FTNL8:00000002 [INF] Request starting HTTP/1.1 GET http://localhost:5101/favicon.ico   (ca22a1cb)
2018-08-05T14:10:14.2910429-03:00 0HLFQUP7FTNL8:00000002 [ERR] Request matched multiple actions resulting in ambiguity. Matching actions: "CalemasERP.Core.Api.Controllers.CategoriaEstoqueControllerBase.Get (Project.Api)
CalemasERP.Core.Api.Controllers.EstoqueControllerBase.Get (Project.Api)
CalemasERP.Core.Api.Controllers.EstoqueMovimentacaoColaboradorControllerBase.Get (Project.Api)
CalemasERP.Core.Api.Controllers.EstoqueMovimentacaoControllerBase.Get (Project.Api)
CalemasERP.Core.Api.Controllers.MotivoEstoqueMovimentacaoControllerBase.Get (Project.Api)
CalemasERP.Core.Api.Controllers.SolicitacaoEstoqueControllerBase.Get (Project.Api)
CalemasERP.Core.Api.Controllers.UnidadeMedidaControllerBase.Get (Project.Api)" (ab9a4111)
2018-08-05T14:10:14.3643216-03:00 0HLFQUP7FTNL8:00000002 [ERR] An unhandled exception has occurred while executing the request. (48a46595)
Microsoft.AspNetCore.Mvc.Internal.AmbiguousActionException: Multiple actions matched. The following actions matched route data and had all constraints satisfied:

CalemasERP.Core.Api.Controllers.CategoriaEstoqueControllerBase.Get (Project.Api)
CalemasERP.Core.Api.Controllers.EstoqueControllerBase.Get (Project.Api)
CalemasERP.Core.Api.Controllers.EstoqueMovimentacaoColaboradorControllerBase.Get (Project.Api)
CalemasERP.Core.Api.Controllers.EstoqueMovimentacaoControllerBase.Get (Project.Api)
CalemasERP.Core.Api.Controllers.MotivoEstoqueMovimentacaoControllerBase.Get (Project.Api)
CalemasERP.Core.Api.Controllers.SolicitacaoEstoqueControllerBase.Get (Project.Api)
CalemasERP.Core.Api.Controllers.UnidadeMedidaControllerBase.Get (Project.Api)
   at Microsoft.AspNetCore.Mvc.Internal.ActionSelector.SelectBestCandidate(RouteContext context, IReadOnlyList`1 candidates)
   at Microsoft.AspNetCore.Mvc.Internal.MvcAttributeRouteHandler.RouteAsync(RouteContext context)
   at Microsoft.AspNetCore.Routing.Tree.TreeRouter.RouteAsync(RouteContext context)
   at Microsoft.AspNetCore.Routing.RouteCollection.RouteAsync(RouteContext context)
   at Microsoft.AspNetCore.Builder.RouterMiddleware.Invoke(HttpContext httpContext)
   at Microsoft.AspNetCore.Cors.Infrastructure.CorsMiddleware.Invoke(HttpContext context)
   at Microsoft.AspNetCore.Diagnostics.DeveloperExceptionPageMiddleware.Invoke(HttpContext context)
2018-08-05T14:10:14.3879212-03:00 0HLFQUP7FTNL8:00000002 [INF] Request finished in 98.1282ms 500 text/html; charset=utf-8 (791a596a)
2018-08-05T14:10:51.8198482-03:00 0HLFQUP7FTNL8:00000003 [INF] Request starting HTTP/1.1 OPTIONS http://localhost:5101/api/solicitacaoestoque?pageSize=50&pageIndex=1&isPaginate=true&isPagination=true   (ca22a1cb)
2018-08-05T14:10:51.8216010-03:00 0HLFQUP7FTNL8:00000003 [INF] Policy execution successful. (0204925d)
2018-08-05T14:10:51.8231116-03:00 0HLFQUP7FTNL8:00000003 [INF] Request finished in 3.2944ms 204  (791a596a)
2018-08-05T14:10:51.8266145-03:00 0HLFQUP7FTNL8:00000004 [INF] Request starting HTTP/1.1 GET http://localhost:5101/api/solicitacaoestoque?pageSize=50&pageIndex=1&isPaginate=true&isPagination=true   (ca22a1cb)
2018-08-05T14:10:52.3666203-03:00 0HLFQUP7FTNL8:00000004 [INF] Failed to validate the token. (616bef97)
Microsoft.IdentityModel.Tokens.SecurityTokenExpiredException: IDX10223: Lifetime validation failed. The token is expired. ValidTo: '[PII is hidden]', Current time: '[PII is hidden]'.
   at Microsoft.IdentityModel.Tokens.Validators.ValidateLifetime(Nullable`1 notBefore, Nullable`1 expires, SecurityToken securityToken, TokenValidationParameters validationParameters) in C:\agent2\_work\15\s\src\Microsoft.IdentityModel.Tokens\Validators.cs:line 269
   at System.IdentityModel.Tokens.Jwt.JwtSecurityTokenHandler.ValidateLifetime(Nullable`1 notBefore, Nullable`1 expires, JwtSecurityToken jwtToken, TokenValidationParameters validationParameters) in C:\agent2\_work\15\s\src\System.IdentityModel.Tokens.Jwt\JwtSecurityTokenHandler.cs:line 1212
   at System.IdentityModel.Tokens.Jwt.JwtSecurityTokenHandler.ValidateTokenPayload(JwtSecurityToken jwtToken, TokenValidationParameters validationParameters) in C:\agent2\_work\15\s\src\System.IdentityModel.Tokens.Jwt\JwtSecurityTokenHandler.cs:line 763
   at System.IdentityModel.Tokens.Jwt.JwtSecurityTokenHandler.ValidateToken(String token, TokenValidationParameters validationParameters, SecurityToken& validatedToken) in C:\agent2\_work\15\s\src\System.IdentityModel.Tokens.Jwt\JwtSecurityTokenHandler.cs:line 747
   at Microsoft.AspNetCore.Authentication.JwtBearer.JwtBearerHandler.HandleAuthenticateAsync()
2018-08-05T14:10:52.3699845-03:00 0HLFQUP7FTNL8:00000004 [INF] "BearerIdentityServerAuthenticationJwt" was not authenticated. Failure message: "IDX10223: Lifetime validation failed. The token is expired. ValidTo: '[PII is hidden]', Current time: '[PII is hidden]'." (48071232)
2018-08-05T14:10:52.3749786-03:00 0HLFQUP7FTNL8:00000004 [INF] "Bearer" was not authenticated. Failure message: "IDX10223: Lifetime validation failed. The token is expired. ValidTo: '[PII is hidden]', Current time: '[PII is hidden]'." (48071232)
2018-08-05T14:10:52.3802119-03:00 0HLFQUP7FTNL8:00000004 [INF] Policy execution successful. (0204925d)
2018-08-05T14:10:52.4148825-03:00 0HLFQUP7FTNL8:00000004 [INF] Route matched with "{action = \"Get\", controller = \"SolicitacaoEstoque\"}". Executing action "CalemasERP.Core.Api.Controllers.SolicitacaoEstoqueController.Get (Project.Api)" (a44c0341)
2018-08-05T14:10:52.4150412-03:00 0HLFQUP7FTNL8:00000004 [INF] Policy execution successful. (0204925d)
2018-08-05T14:10:52.4239356-03:00 0HLFQUP7FTNL8:00000004 [INF] Authorization failed. (b15dd539)
2018-08-05T14:10:52.4282160-03:00 0HLFQUP7FTNL8:00000004 [INF] Authorization failed for the request at filter '"Microsoft.AspNetCore.Mvc.Authorization.AuthorizeFilter"'. (8b6446cb)
2018-08-05T14:10:52.4342486-03:00 0HLFQUP7FTNL8:00000004 [INF] Executing ChallengeResult with authentication schemes ([]). (f3dca807)
2018-08-05T14:10:52.4420597-03:00 0HLFQUP7FTNL8:00000004 [INF] AuthenticationScheme: "BearerIdentityServerAuthenticationJwt" was challenged. (d45f1f38)
2018-08-05T14:10:52.4421895-03:00 0HLFQUP7FTNL8:00000004 [INF] AuthenticationScheme: "Bearer" was challenged. (d45f1f38)
2018-08-05T14:10:52.4422921-03:00 0HLFQUP7FTNL8:00000004 [INF] Executed action "CalemasERP.Core.Api.Controllers.SolicitacaoEstoqueController.Get (Project.Api)" in 27.3101ms (afa2e885)
2018-08-05T14:10:52.4473970-03:00 0HLFQUP7FTNL8:00000004 [INF] Request finished in 620.7722ms 401  (791a596a)
2018-08-05T14:10:57.7560475-03:00 0HLFQUP7FTNL8:00000005 [INF] Request starting HTTP/1.1 OPTIONS http://localhost:5101/api/currentuser?pageSize=10&pageIndex=0&isPaginate=true   (ca22a1cb)
2018-08-05T14:10:57.7563715-03:00 0HLFQUP7FTNL8:00000005 [INF] Policy execution successful. (0204925d)
2018-08-05T14:10:57.7565217-03:00 0HLFQUP7FTNL8:00000005 [INF] Request finished in 0.5074ms 204  (791a596a)
2018-08-05T14:10:57.7775800-03:00 0HLFQUP7FTNL8:00000006 [INF] Request starting HTTP/1.1 GET http://localhost:5101/api/currentuser?pageSize=10&pageIndex=0&isPaginate=true   (ca22a1cb)
2018-08-05T14:10:57.8154757-03:00 0HLFQUP7FTNL8:00000006 [INF] Successfully validated the token. (60169667)
2018-08-05T14:10:57.8291713-03:00 0HLFQUP7FTNL8:00000006 [INF] Policy execution successful. (0204925d)
2018-08-05T14:10:57.8343481-03:00 0HLFQUP7FTNL8:00000006 [INF] Route matched with "{action = \"Get\", controller = \"CurrentUser\"}". Executing action "CalemasERP.Core.Api.Controllers.CurrentUserController.Get (Project.Api)" (a44c0341)
2018-08-05T14:10:57.8344461-03:00 0HLFQUP7FTNL8:00000006 [INF] Policy execution successful. (0204925d)
2018-08-05T14:10:57.8350911-03:00 0HLFQUP7FTNL8:00000006 [INF] Authorization was successful. (0d575a54)
2018-08-05T14:10:57.8363355-03:00 0HLFQUP7FTNL8:00000006 [INF] AccountController init success (0116ae7f)
2018-08-05T14:10:57.8365527-03:00 0HLFQUP7FTNL8:00000006 [INF] Executing action method "CalemasERP.Core.Api.Controllers.CurrentUserController.Get (Project.Api)" - Validation state: Valid (dad538d7)
2018-08-05T14:10:57.8485289-03:00 0HLFQUP7FTNL8:00000006 [INF] Executed action method "CalemasERP.Core.Api.Controllers.CurrentUserController.Get (Project.Api)", returned result "Microsoft.AspNetCore.Mvc.ObjectResult" in 11.6955ms. (50a9e262)
2018-08-05T14:10:57.8586437-03:00 0HLFQUP7FTNL8:00000006 [INF] Executing ObjectResult, writing value of type '"Common.API.HttpResult`1[[System.Object, System.Private.CoreLib, Version=4.0.0.0, Culture=neutral, PublicKeyToken=7cec85d7bea7798e]]"'. (8a1b66c8)
2018-08-05T14:10:57.8835818-03:00 0HLFQUP7FTNL8:00000006 [INF] Executed action "CalemasERP.Core.Api.Controllers.CurrentUserController.Get (Project.Api)" in 49.0722ms (afa2e885)
2018-08-05T14:10:57.8872650-03:00 0HLFQUP7FTNL8:00000006 [INF] Request finished in 109.9789ms 200 application/json; charset=utf-8 (791a596a)
2018-08-05T14:11:08.4109452-03:00 0HLFQUP7FTNL8:00000007 [INF] Request starting HTTP/1.1 OPTIONS http://localhost:5101/api/solicitacaoestoque?pageSize=50&pageIndex=1&isPaginate=true&isPagination=true   (ca22a1cb)
2018-08-05T14:11:08.4115464-03:00 0HLFQUP7FTNL8:00000007 [INF] Policy execution successful. (0204925d)
2018-08-05T14:11:08.4135806-03:00 0HLFQUP7FTNL8:00000007 [INF] Request finished in 2.6386ms 204  (791a596a)
2018-08-05T14:11:08.4217530-03:00 0HLFQUP7FTNL8:00000008 [INF] Request starting HTTP/1.1 GET http://localhost:5101/api/solicitacaoestoque?pageSize=50&pageIndex=1&isPaginate=true&isPagination=true   (ca22a1cb)
2018-08-05T14:11:08.4228245-03:00 0HLFQUP7FTNL8:00000008 [INF] Successfully validated the token. (60169667)
2018-08-05T14:11:08.4232854-03:00 0HLFQUP7FTNL8:00000008 [INF] Policy execution successful. (0204925d)
2018-08-05T14:11:08.4235993-03:00 0HLFQUP7FTNL8:00000008 [INF] Route matched with "{action = \"Get\", controller = \"SolicitacaoEstoque\"}". Executing action "CalemasERP.Core.Api.Controllers.SolicitacaoEstoqueController.Get (Project.Api)" (a44c0341)
2018-08-05T14:11:08.4236553-03:00 0HLFQUP7FTNL8:00000008 [INF] Policy execution successful. (0204925d)
2018-08-05T14:11:08.4237452-03:00 0HLFQUP7FTNL8:00000008 [INF] Authorization was successful. (0d575a54)
2018-08-05T14:11:08.9819668-03:00 0HLFQUP7FTNL8:00000008 [WRN] No type was specified for the decimal column '"Quantidade"' on entity type '"Estoque"'. This will cause values to be silently truncated if they do not fit in the default precision and scale. Explicitly specify the SQL server column type that can accommodate all the values using 'ForHasColumnType()'. (b5b4253a)
2018-08-05T14:11:08.9822193-03:00 0HLFQUP7FTNL8:00000008 [WRN] No type was specified for the decimal column '"QuantidadeMinima"' on entity type '"Estoque"'. This will cause values to be silently truncated if they do not fit in the default precision and scale. Explicitly specify the SQL server column type that can accommodate all the values using 'ForHasColumnType()'. (b5b4253a)
2018-08-05T14:11:08.9823465-03:00 0HLFQUP7FTNL8:00000008 [WRN] No type was specified for the decimal column '"ValorCompra"' on entity type '"Estoque"'. This will cause values to be silently truncated if they do not fit in the default precision and scale. Explicitly specify the SQL server column type that can accommodate all the values using 'ForHasColumnType()'. (b5b4253a)
2018-08-05T14:11:08.9824435-03:00 0HLFQUP7FTNL8:00000008 [WRN] No type was specified for the decimal column '"ValorVenda"' on entity type '"Estoque"'. This will cause values to be silently truncated if they do not fit in the default precision and scale. Explicitly specify the SQL server column type that can accommodate all the values using 'ForHasColumnType()'. (b5b4253a)
2018-08-05T14:11:08.9825542-03:00 0HLFQUP7FTNL8:00000008 [WRN] No type was specified for the decimal column '"Quantidade"' on entity type '"EstoqueMovimentacao"'. This will cause values to be silently truncated if they do not fit in the default precision and scale. Explicitly specify the SQL server column type that can accommodate all the values using 'ForHasColumnType()'. (b5b4253a)
2018-08-05T14:11:08.9826737-03:00 0HLFQUP7FTNL8:00000008 [WRN] No type was specified for the decimal column '"Quantidade"' on entity type '"EstoqueMovimentacaoColaborador"'. This will cause values to be silently truncated if they do not fit in the default precision and scale. Explicitly specify the SQL server column type that can accommodate all the values using 'ForHasColumnType()'. (b5b4253a)
2018-08-05T14:11:09.0684576-03:00 0HLFQUP7FTNL8:00000008 [INF] Entity Framework Core "2.1.1-rtm-30846" initialized '"DbContextCore"' using provider '"Microsoft.EntityFrameworkCore.SqlServer"' with options: "None" (9958f5bb)
2018-08-05T14:11:09.1393477-03:00 0HLFQUP7FTNL8:00000008 [INF] Executing action method "CalemasERP.Core.Api.Controllers.SolicitacaoEstoqueController.Get (Project.Api)" with arguments (["CalemasERP.Core.Filters.SolicitacaoEstoqueFilter"]) - Validation state: Invalid (4e3479ed)
2018-08-05T14:11:09.5695440-03:00 0HLFQUP7FTNL8:00000008 [INF] Executed DbCommand ("20"ms) [Parameters=[""], CommandType='Text', CommandTimeout='30']"
""SELECT COUNT(*)
FROM [SolicitacaoEstoque] AS [s]" (0723d8ff)
2018-08-05T14:11:09.6023849-03:00 0HLFQUP7FTNL8:00000008 [WRN] Query: '"(from SolicitacaoEstoque <generated>_3 in DbSet<SolicitacaoEstoque> select [<generated>_3]).Skip(__p..."' uses a row limiting operation (Skip/Take) without OrderBy which may lead to unpredictable results. (32148ccc)
2018-08-05T14:11:09.6287452-03:00 0HLFQUP7FTNL8:00000008 [INF] Executed DbCommand ("3"ms) [Parameters=["@__p_0='?' (DbType = Int32), @__p_1='?' (DbType = Int32)"], CommandType='Text', CommandTimeout='30']"
""SELECT [s].[Id], [s].[DataPrevista], [s].[DataSolicitacao], [s].[Descricao], [s].[SolicitanteId], [s].[StatusSolicitacaoEstoqueMovimentacaoId], [s].[UserAlterDate], [s].[UserAlterId], [s].[UserCreateDate], [s].[UserCreateId]
FROM [SolicitacaoEstoque] AS [s]
ORDER BY (SELECT 1)
OFFSET @__p_0 ROWS FETCH NEXT @__p_1 ROWS ONLY" (0723d8ff)
2018-08-05T14:11:09.6852806-03:00 0HLFQUP7FTNL8:00000008 [INF] Executed action method "CalemasERP.Core.Api.Controllers.SolicitacaoEstoqueController.Get (Project.Api)", returned result "Microsoft.AspNetCore.Mvc.ObjectResult" in 545.7639ms. (50a9e262)
2018-08-05T14:11:09.6855817-03:00 0HLFQUP7FTNL8:00000008 [INF] Executing ObjectResult, writing value of type '"Common.API.HttpResult`1[[CalemasERP.Core.Dto.SolicitacaoEstoqueDto, Project.Dto, Version=1.0.0.0, Culture=neutral, PublicKeyToken=null]]"'. (8a1b66c8)
2018-08-05T14:11:09.6943057-03:00 0HLFQUP7FTNL8:00000008 [INF] Executed action "CalemasERP.Core.Api.Controllers.SolicitacaoEstoqueController.Get (Project.Api)" in 1270.6021ms (afa2e885)
2018-08-05T14:11:09.6947535-03:00 0HLFQUP7FTNL8:00000008 [INF] Request finished in 1273.008ms 200 application/json; charset=utf-8 (791a596a)
2018-08-05T14:11:41.2832011-03:00 0HLFQUQ1HL8HD:00000001 [INF] Request starting HTTP/1.1 GET http://localhost:5101/api/healthsystem   (ca22a1cb)
2018-08-05T14:11:41.2832011-03:00 0HLFQUQ1HL8HC:00000001 [INF] Request starting HTTP/1.1 DEBUG http://localhost:5101/  0 (ca22a1cb)
2018-08-05T14:11:41.3408112-03:00 0HLFQUQ1HL8HC:00000001 [INF] Request finished in 73.7994ms 200  (791a596a)
2018-08-05T14:11:41.6046008-03:00 0HLFQUQ1HL8HD:00000001 [INF] Route matched with "{action = \"Get\", controller = \"HealthSystem\"}". Executing action "CalemasERP.Core.Api.Controllers.HealthSystemController.Get (Project.Api)" (a44c0341)
2018-08-05T14:11:41.6358613-03:00 0HLFQUQ1HL8HD:00000001 [INF] Executing action method "CalemasERP.Core.Api.Controllers.HealthSystemController.Get (Project.Api)" - Validation state: Valid (dad538d7)
2018-08-05T14:11:41.6674762-03:00 0HLFQUQ1HL8HD:00000001 [INF] Executed action method "CalemasERP.Core.Api.Controllers.HealthSystemController.Get (Project.Api)", returned result "Microsoft.AspNetCore.Mvc.ObjectResult" in 17.8043ms. (50a9e262)
2018-08-05T14:11:41.7193493-03:00 0HLFQUQ1HL8HD:00000001 [INF] Executing ObjectResult, writing value of type '"System.String"'. (8a1b66c8)
2018-08-05T14:11:41.7439644-03:00 0HLFQUQ1HL8HD:00000001 [INF] Executed action "CalemasERP.Core.Api.Controllers.HealthSystemController.Get (Project.Api)" in 123.5014ms (afa2e885)
2018-08-05T14:11:41.7755923-03:00 0HLFQUQ1HL8HD:00000001 [INF] Request finished in 494.7058ms 200 text/plain; charset=utf-8 (791a596a)
2018-08-05T14:11:41.8706972-03:00 0HLFQUQ1HL8HC:00000002 [INF] Request starting HTTP/1.1 GET http://localhost:5101/favicon.ico   (ca22a1cb)
2018-08-05T14:11:41.8836058-03:00 0HLFQUQ1HL8HC:00000002 [ERR] Request matched multiple actions resulting in ambiguity. Matching actions: "CalemasERP.Core.Api.Controllers.CategoriaEstoqueControllerBase.Get (Project.Api)
CalemasERP.Core.Api.Controllers.EstoqueControllerBase.Get (Project.Api)
CalemasERP.Core.Api.Controllers.EstoqueMovimentacaoColaboradorControllerBase.Get (Project.Api)
CalemasERP.Core.Api.Controllers.EstoqueMovimentacaoControllerBase.Get (Project.Api)
CalemasERP.Core.Api.Controllers.MotivoEstoqueMovimentacaoControllerBase.Get (Project.Api)
CalemasERP.Core.Api.Controllers.SolicitacaoEstoqueControllerBase.Get (Project.Api)
CalemasERP.Core.Api.Controllers.UnidadeMedidaControllerBase.Get (Project.Api)" (ab9a4111)
2018-08-05T14:11:41.9251673-03:00 0HLFQUQ1HL8HC:00000002 [ERR] An unhandled exception has occurred while executing the request. (48a46595)
Microsoft.AspNetCore.Mvc.Internal.AmbiguousActionException: Multiple actions matched. The following actions matched route data and had all constraints satisfied:

CalemasERP.Core.Api.Controllers.CategoriaEstoqueControllerBase.Get (Project.Api)
CalemasERP.Core.Api.Controllers.EstoqueControllerBase.Get (Project.Api)
CalemasERP.Core.Api.Controllers.EstoqueMovimentacaoColaboradorControllerBase.Get (Project.Api)
CalemasERP.Core.Api.Controllers.EstoqueMovimentacaoControllerBase.Get (Project.Api)
CalemasERP.Core.Api.Controllers.MotivoEstoqueMovimentacaoControllerBase.Get (Project.Api)
CalemasERP.Core.Api.Controllers.SolicitacaoEstoqueControllerBase.Get (Project.Api)
CalemasERP.Core.Api.Controllers.UnidadeMedidaControllerBase.Get (Project.Api)
   at Microsoft.AspNetCore.Mvc.Internal.ActionSelector.SelectBestCandidate(RouteContext context, IReadOnlyList`1 candidates)
   at Microsoft.AspNetCore.Mvc.Internal.MvcAttributeRouteHandler.RouteAsync(RouteContext context)
   at Microsoft.AspNetCore.Routing.Tree.TreeRouter.RouteAsync(RouteContext context)
   at Microsoft.AspNetCore.Routing.RouteCollection.RouteAsync(RouteContext context)
   at Microsoft.AspNetCore.Builder.RouterMiddleware.Invoke(HttpContext httpContext)
   at Microsoft.AspNetCore.Cors.Infrastructure.CorsMiddleware.Invoke(HttpContext context)
   at Microsoft.AspNetCore.Diagnostics.DeveloperExceptionPageMiddleware.Invoke(HttpContext context)
2018-08-05T14:11:41.9593919-03:00 0HLFQUQ1HL8HC:00000002 [INF] Request finished in 87.9566ms 500 text/html; charset=utf-8 (791a596a)
2018-08-05T14:20:15.8989704-03:00 0HLFQUQ1HL8HE:00000001 [INF] Request starting HTTP/1.1 OPTIONS http://localhost:5101/api/solicitacaoestoque   (ca22a1cb)
2018-08-05T14:20:15.9024638-03:00 0HLFQUQ1HL8HE:00000001 [INF] Policy execution successful. (0204925d)
2018-08-05T14:20:15.9055481-03:00 0HLFQUQ1HL8HE:00000001 [INF] Request finished in 8.3905ms 204  (791a596a)
2018-08-05T14:20:15.9181915-03:00 0HLFQUQ1HL8HE:00000002 [INF] Request starting HTTP/1.1 POST http://localhost:5101/api/solicitacaoestoque application/json;charset=UTF-8 52 (ca22a1cb)
2018-08-05T14:20:16.6089296-03:00 0HLFQUQ1HL8HE:00000002 [INF] Successfully validated the token. (60169667)
2018-08-05T14:20:16.6340224-03:00 0HLFQUQ1HL8HE:00000002 [INF] Policy execution successful. (0204925d)
2018-08-05T14:20:16.6744736-03:00 0HLFQUQ1HL8HE:00000002 [INF] Route matched with "{action = \"Post\", controller = \"SolicitacaoEstoque\"}". Executing action "CalemasERP.Core.Api.Controllers.SolicitacaoEstoqueController.Post (Project.Api)" (a44c0341)
2018-08-05T14:20:16.6779328-03:00 0HLFQUQ1HL8HE:00000002 [INF] Policy execution successful. (0204925d)
2018-08-05T14:20:16.6963632-03:00 0HLFQUQ1HL8HE:00000002 [INF] Authorization was successful. (0d575a54)
2018-08-05T14:20:17.2083790-03:00 0HLFQUQ1HL8HE:00000002 [WRN] No type was specified for the decimal column '"Quantidade"' on entity type '"Estoque"'. This will cause values to be silently truncated if they do not fit in the default precision and scale. Explicitly specify the SQL server column type that can accommodate all the values using 'ForHasColumnType()'. (b5b4253a)
2018-08-05T14:20:17.2125219-03:00 0HLFQUQ1HL8HE:00000002 [WRN] No type was specified for the decimal column '"QuantidadeMinima"' on entity type '"Estoque"'. This will cause values to be silently truncated if they do not fit in the default precision and scale. Explicitly specify the SQL server column type that can accommodate all the values using 'ForHasColumnType()'. (b5b4253a)
2018-08-05T14:20:17.2162674-03:00 0HLFQUQ1HL8HE:00000002 [WRN] No type was specified for the decimal column '"ValorCompra"' on entity type '"Estoque"'. This will cause values to be silently truncated if they do not fit in the default precision and scale. Explicitly specify the SQL server column type that can accommodate all the values using 'ForHasColumnType()'. (b5b4253a)
2018-08-05T14:20:17.2210306-03:00 0HLFQUQ1HL8HE:00000002 [WRN] No type was specified for the decimal column '"ValorVenda"' on entity type '"Estoque"'. This will cause values to be silently truncated if they do not fit in the default precision and scale. Explicitly specify the SQL server column type that can accommodate all the values using 'ForHasColumnType()'. (b5b4253a)
2018-08-05T14:20:17.2257846-03:00 0HLFQUQ1HL8HE:00000002 [WRN] No type was specified for the decimal column '"Quantidade"' on entity type '"EstoqueMovimentacao"'. This will cause values to be silently truncated if they do not fit in the default precision and scale. Explicitly specify the SQL server column type that can accommodate all the values using 'ForHasColumnType()'. (b5b4253a)
2018-08-05T14:20:17.2290103-03:00 0HLFQUQ1HL8HE:00000002 [WRN] No type was specified for the decimal column '"Quantidade"' on entity type '"EstoqueMovimentacaoColaborador"'. This will cause values to be silently truncated if they do not fit in the default precision and scale. Explicitly specify the SQL server column type that can accommodate all the values using 'ForHasColumnType()'. (b5b4253a)
2018-08-05T14:20:17.3420457-03:00 0HLFQUQ1HL8HE:00000002 [INF] Entity Framework Core "2.1.1-rtm-30846" initialized '"DbContextCore"' using provider '"Microsoft.EntityFrameworkCore.SqlServer"' with options: "None" (9958f5bb)
2018-08-05T14:20:17.4870702-03:00 0HLFQUQ1HL8HE:00000002 [INF] Executing action method "CalemasERP.Core.Api.Controllers.SolicitacaoEstoqueController.Post (Project.Api)" with arguments (["CalemasERP.Core.Dto.SolicitacaoEstoqueDtoSave"]) - Validation state: Valid (4e3479ed)
2018-08-05T14:28:49.0472276-03:00 0HLFQV3JRK2HU:00000001 [INF] Request starting HTTP/1.1 DEBUG http://localhost:5101/  0 (ca22a1cb)
2018-08-05T14:28:49.0472280-03:00 0HLFQV3JRK2HT:00000001 [INF] Request starting HTTP/1.1 GET http://localhost:5101/api/healthsystem   (ca22a1cb)
2018-08-05T14:28:49.0983722-03:00 0HLFQV3JRK2HU:00000001 [INF] Request finished in 65.2365ms 200  (791a596a)
2018-08-05T14:28:49.4871731-03:00 0HLFQV3JRK2HT:00000001 [INF] Route matched with "{action = \"Get\", controller = \"HealthSystem\"}". Executing action "CalemasERP.Core.Api.Controllers.HealthSystemController.Get (Project.Api)" (a44c0341)
2018-08-05T14:28:49.5094921-03:00 0HLFQV3JRK2HT:00000001 [INF] Executing action method "CalemasERP.Core.Api.Controllers.HealthSystemController.Get (Project.Api)" - Validation state: Valid (dad538d7)
2018-08-05T14:28:49.5379457-03:00 0HLFQV3JRK2HT:00000001 [INF] Executed action method "CalemasERP.Core.Api.Controllers.HealthSystemController.Get (Project.Api)", returned result "Microsoft.AspNetCore.Mvc.ObjectResult" in 16.6526ms. (50a9e262)
2018-08-05T14:28:49.5554062-03:00 0HLFQV3JRK2HT:00000001 [INF] Executing ObjectResult, writing value of type '"System.String"'. (8a1b66c8)
2018-08-05T14:28:49.5646381-03:00 0HLFQV3JRK2HT:00000001 [INF] Executed action "CalemasERP.Core.Api.Controllers.HealthSystemController.Get (Project.Api)" in 71.6879ms (afa2e885)
2018-08-05T14:28:49.5856554-03:00 0HLFQV3JRK2HT:00000001 [INF] Request finished in 543.0773ms 200 text/plain; charset=utf-8 (791a596a)
2018-08-05T14:28:49.6407232-03:00 0HLFQV3JRK2HU:00000002 [INF] Request starting HTTP/1.1 GET http://localhost:5101/favicon.ico   (ca22a1cb)
2018-08-05T14:28:49.6556646-03:00 0HLFQV3JRK2HU:00000002 [ERR] Request matched multiple actions resulting in ambiguity. Matching actions: "CalemasERP.Core.Api.Controllers.CategoriaEstoqueControllerBase.Get (Project.Api)
CalemasERP.Core.Api.Controllers.EstoqueControllerBase.Get (Project.Api)
CalemasERP.Core.Api.Controllers.EstoqueMovimentacaoColaboradorControllerBase.Get (Project.Api)
CalemasERP.Core.Api.Controllers.EstoqueMovimentacaoControllerBase.Get (Project.Api)
CalemasERP.Core.Api.Controllers.MotivoEstoqueMovimentacaoControllerBase.Get (Project.Api)
CalemasERP.Core.Api.Controllers.SolicitacaoEstoqueControllerBase.Get (Project.Api)
CalemasERP.Core.Api.Controllers.UnidadeMedidaControllerBase.Get (Project.Api)" (ab9a4111)
2018-08-05T14:28:49.7429146-03:00 0HLFQV3JRK2HU:00000002 [ERR] An unhandled exception has occurred while executing the request. (48a46595)
Microsoft.AspNetCore.Mvc.Internal.AmbiguousActionException: Multiple actions matched. The following actions matched route data and had all constraints satisfied:

CalemasERP.Core.Api.Controllers.CategoriaEstoqueControllerBase.Get (Project.Api)
CalemasERP.Core.Api.Controllers.EstoqueControllerBase.Get (Project.Api)
CalemasERP.Core.Api.Controllers.EstoqueMovimentacaoColaboradorControllerBase.Get (Project.Api)
CalemasERP.Core.Api.Controllers.EstoqueMovimentacaoControllerBase.Get (Project.Api)
CalemasERP.Core.Api.Controllers.MotivoEstoqueMovimentacaoControllerBase.Get (Project.Api)
CalemasERP.Core.Api.Controllers.SolicitacaoEstoqueControllerBase.Get (Project.Api)
CalemasERP.Core.Api.Controllers.UnidadeMedidaControllerBase.Get (Project.Api)
   at Microsoft.AspNetCore.Mvc.Internal.ActionSelector.SelectBestCandidate(RouteContext context, IReadOnlyList`1 candidates)
   at Microsoft.AspNetCore.Mvc.Internal.MvcAttributeRouteHandler.RouteAsync(RouteContext context)
   at Microsoft.AspNetCore.Routing.Tree.TreeRouter.RouteAsync(RouteContext context)
   at Microsoft.AspNetCore.Routing.RouteCollection.RouteAsync(RouteContext context)
   at Microsoft.AspNetCore.Builder.RouterMiddleware.Invoke(HttpContext httpContext)
   at Microsoft.AspNetCore.Cors.Infrastructure.CorsMiddleware.Invoke(HttpContext context)
   at Microsoft.AspNetCore.Diagnostics.DeveloperExceptionPageMiddleware.Invoke(HttpContext context)
2018-08-05T14:28:49.7860149-03:00 0HLFQV3JRK2HU:00000002 [INF] Request finished in 143.2585ms 500 text/html; charset=utf-8 (791a596a)
2018-08-05T14:29:44.1501899-03:00 0HLFQV3JRK2HT:00000002 [INF] Request starting HTTP/1.1 OPTIONS http://localhost:5101/api/solicitacaoestoque   (ca22a1cb)
2018-08-05T14:29:44.1533511-03:00 0HLFQV3JRK2HT:00000002 [INF] Policy execution successful. (0204925d)
2018-08-05T14:29:44.1573318-03:00 0HLFQV3JRK2HT:00000002 [INF] Request finished in 6.5717ms 204  (791a596a)
2018-08-05T14:29:44.1681042-03:00 0HLFQV3JRK2HU:00000003 [INF] Request starting HTTP/1.1 POST http://localhost:5101/api/solicitacaoestoque application/json;charset=UTF-8 52 (ca22a1cb)
2018-08-05T14:29:44.7604763-03:00 0HLFQV3JRK2HU:00000003 [INF] Successfully validated the token. (60169667)
2018-08-05T14:29:44.7764122-03:00 0HLFQV3JRK2HU:00000003 [INF] Policy execution successful. (0204925d)
2018-08-05T14:29:44.7997131-03:00 0HLFQV3JRK2HU:00000003 [INF] Route matched with "{action = \"Post\", controller = \"SolicitacaoEstoque\"}". Executing action "CalemasERP.Core.Api.Controllers.SolicitacaoEstoqueController.Post (Project.Api)" (a44c0341)
2018-08-05T14:29:44.8021281-03:00 0HLFQV3JRK2HU:00000003 [INF] Policy execution successful. (0204925d)
2018-08-05T14:29:44.8172758-03:00 0HLFQV3JRK2HU:00000003 [INF] Authorization was successful. (0d575a54)
2018-08-05T14:29:45.1675918-03:00 0HLFQV3JRK2HU:00000003 [WRN] No type was specified for the decimal column '"Quantidade"' on entity type '"Estoque"'. This will cause values to be silently truncated if they do not fit in the default precision and scale. Explicitly specify the SQL server column type that can accommodate all the values using 'ForHasColumnType()'. (b5b4253a)
2018-08-05T14:29:45.1704833-03:00 0HLFQV3JRK2HU:00000003 [WRN] No type was specified for the decimal column '"QuantidadeMinima"' on entity type '"Estoque"'. This will cause values to be silently truncated if they do not fit in the default precision and scale. Explicitly specify the SQL server column type that can accommodate all the values using 'ForHasColumnType()'. (b5b4253a)
2018-08-05T14:29:45.1730849-03:00 0HLFQV3JRK2HU:00000003 [WRN] No type was specified for the decimal column '"ValorCompra"' on entity type '"Estoque"'. This will cause values to be silently truncated if they do not fit in the default precision and scale. Explicitly specify the SQL server column type that can accommodate all the values using 'ForHasColumnType()'. (b5b4253a)
2018-08-05T14:29:45.1764898-03:00 0HLFQV3JRK2HU:00000003 [WRN] No type was specified for the decimal column '"ValorVenda"' on entity type '"Estoque"'. This will cause values to be silently truncated if they do not fit in the default precision and scale. Explicitly specify the SQL server column type that can accommodate all the values using 'ForHasColumnType()'. (b5b4253a)
2018-08-05T14:29:45.1791799-03:00 0HLFQV3JRK2HU:00000003 [WRN] No type was specified for the decimal column '"Quantidade"' on entity type '"EstoqueMovimentacao"'. This will cause values to be silently truncated if they do not fit in the default precision and scale. Explicitly specify the SQL server column type that can accommodate all the values using 'ForHasColumnType()'. (b5b4253a)
2018-08-05T14:29:45.1816437-03:00 0HLFQV3JRK2HU:00000003 [WRN] No type was specified for the decimal column '"Quantidade"' on entity type '"EstoqueMovimentacaoColaborador"'. This will cause values to be silently truncated if they do not fit in the default precision and scale. Explicitly specify the SQL server column type that can accommodate all the values using 'ForHasColumnType()'. (b5b4253a)
2018-08-05T14:29:45.2614897-03:00 0HLFQV3JRK2HU:00000003 [INF] Entity Framework Core "2.1.1-rtm-30846" initialized '"DbContextCore"' using provider '"Microsoft.EntityFrameworkCore.SqlServer"' with options: "None" (9958f5bb)
2018-08-05T14:29:45.3764837-03:00 0HLFQV3JRK2HU:00000003 [INF] Executing action method "CalemasERP.Core.Api.Controllers.SolicitacaoEstoqueController.Post (Project.Api)" with arguments (["CalemasERP.Core.Dto.SolicitacaoEstoqueDtoSave"]) - Validation state: Valid (4e3479ed)
2018-08-05T14:30:12.6050688-03:00 0HLFQV3JRK2HU:00000003 [INF] Executed DbCommand ("13"ms) [Parameters=["@__model_SolicitacaoEstoqueId_0='?' (DbType = Int32)"], CommandType='Text', CommandTimeout='30']"
""SELECT TOP(2) [_].[Id], [_].[DataPrevista], [_].[DataSolicitacao], [_].[Descricao], [_].[SolicitanteId], [_].[StatusSolicitacaoEstoqueMovimentacaoId], [_].[UserAlterDate], [_].[UserAlterId], [_].[UserCreateDate], [_].[UserCreateId]
FROM [SolicitacaoEstoque] AS [_]
WHERE [_].[Id] = @__model_SolicitacaoEstoqueId_0" (0723d8ff)
2018-08-05T14:30:53.8046944-03:00 0HLFQV3JRK2HU:00000003 [ERR] Failed executing DbCommand ("48"ms) [Parameters=["@p0='?' (DbType = DateTime2), @p1='?' (DbType = DateTime2), @p2='?' (Size = 500) (DbType = AnsiString), @p3='?' (DbType = Int32), @p4='?' (DbType = Int32), @p5='?' (DbType = DateTime2), @p6='?' (DbType = Int32), @p7='?' (DbType = DateTime2), @p8='?' (DbType = Int32)"], CommandType='Text', CommandTimeout='30']"
""SET NOCOUNT ON;
INSERT INTO [SolicitacaoEstoque] ([DataPrevista], [DataSolicitacao], [Descricao], [SolicitanteId], [StatusSolicitacaoEstoqueMovimentacaoId], [UserAlterDate], [UserAlterId], [UserCreateDate], [UserCreateId])
VALUES (@p0, @p1, @p2, @p3, @p4, @p5, @p6, @p7, @p8);
SELECT [Id]
FROM [SolicitacaoEstoque]
WHERE @@ROWCOUNT = 1 AND [Id] = scope_identity();" (627a98df)
System.Data.SqlClient.SqlException (0x80131904): The conversion of a datetime2 data type to a datetime data type resulted in an out-of-range value.
The statement has been terminated.
   at System.Data.SqlClient.SqlCommand.<>c.<ExecuteDbDataReaderAsync>b__122_0(Task`1 result)
   at System.Threading.Tasks.ContinuationResultTaskFromResultTask`2.InnerInvoke()
   at System.Threading.ExecutionContext.RunInternal(ExecutionContext executionContext, ContextCallback callback, Object state)
--- End of stack trace from previous location where exception was thrown ---
   at System.Threading.Tasks.Task.ExecuteWithThreadLocal(Task& currentTaskSlot)
--- End of stack trace from previous location where exception was thrown ---
   at Microsoft.EntityFrameworkCore.Storage.Internal.RelationalCommand.ExecuteAsync(IRelationalConnection connection, DbCommandMethod executeMethod, IReadOnlyDictionary`2 parameterValues, CancellationToken cancellationToken)
ClientConnectionId:d4f22af5-6f8b-4b7e-b26c-a22ce0968600
Error Number:242,State:3,Class:16
2018-08-05T14:30:53.8733905-03:00 0HLFQV3JRK2HU:00000003 [ERR] An exception occurred in the database while saving changes for context type '"CalemasERP.Core.Data.Context.DbContextCore"'."
""Microsoft.EntityFrameworkCore.DbUpdateException: An error occurred while updating the entries. See the inner exception for details. ---> System.Data.SqlClient.SqlException: The conversion of a datetime2 data type to a datetime data type resulted in an out-of-range value.
The statement has been terminated.
   at System.Data.SqlClient.SqlCommand.<>c.<ExecuteDbDataReaderAsync>b__122_0(Task`1 result)
   at System.Threading.Tasks.ContinuationResultTaskFromResultTask`2.InnerInvoke()
   at System.Threading.ExecutionContext.RunInternal(ExecutionContext executionContext, ContextCallback callback, Object state)
--- End of stack trace from previous location where exception was thrown ---
   at System.Threading.Tasks.Task.ExecuteWithThreadLocal(Task& currentTaskSlot)
--- End of stack trace from previous location where exception was thrown ---
   at Microsoft.EntityFrameworkCore.Storage.Internal.RelationalCommand.ExecuteAsync(IRelationalConnection connection, DbCommandMethod executeMethod, IReadOnlyDictionary`2 parameterValues, CancellationToken cancellationToken)
   at Microsoft.EntityFrameworkCore.Update.ReaderModificationCommandBatch.ExecuteAsync(IRelationalConnection connection, CancellationToken cancellationToken)
   --- End of inner exception stack trace ---
   at Microsoft.EntityFrameworkCore.Update.ReaderModificationCommandBatch.ExecuteAsync(IRelationalConnection connection, CancellationToken cancellationToken)
   at Microsoft.EntityFrameworkCore.Update.Internal.BatchExecutor.ExecuteAsync(DbContext _, ValueTuple`2 parameters, CancellationToken cancellationToken)
   at Microsoft.EntityFrameworkCore.SqlServer.Storage.Internal.SqlServerExecutionStrategy.ExecuteAsync[TState,TResult](TState state, Func`4 operation, Func`4 verifySucceeded, CancellationToken cancellationToken)
   at Microsoft.EntityFrameworkCore.ChangeTracking.Internal.StateManager.SaveChangesAsync(IReadOnlyList`1 entriesToSave, CancellationToken cancellationToken)
   at Microsoft.EntityFrameworkCore.ChangeTracking.Internal.StateManager.SaveChangesAsync(Boolean acceptAllChangesOnSuccess, CancellationToken cancellationToken)
   at Microsoft.EntityFrameworkCore.DbContext.SaveChangesAsync(Boolean acceptAllChangesOnSuccess, CancellationToken cancellationToken)" (170f029e)
Microsoft.EntityFrameworkCore.DbUpdateException: An error occurred while updating the entries. See the inner exception for details. ---> System.Data.SqlClient.SqlException: The conversion of a datetime2 data type to a datetime data type resulted in an out-of-range value.
The statement has been terminated.
   at System.Data.SqlClient.SqlCommand.<>c.<ExecuteDbDataReaderAsync>b__122_0(Task`1 result)
   at System.Threading.Tasks.ContinuationResultTaskFromResultTask`2.InnerInvoke()
   at System.Threading.ExecutionContext.RunInternal(ExecutionContext executionContext, ContextCallback callback, Object state)
--- End of stack trace from previous location where exception was thrown ---
   at System.Threading.Tasks.Task.ExecuteWithThreadLocal(Task& currentTaskSlot)
--- End of stack trace from previous location where exception was thrown ---
   at Microsoft.EntityFrameworkCore.Storage.Internal.RelationalCommand.ExecuteAsync(IRelationalConnection connection, DbCommandMethod executeMethod, IReadOnlyDictionary`2 parameterValues, CancellationToken cancellationToken)
   at Microsoft.EntityFrameworkCore.Update.ReaderModificationCommandBatch.ExecuteAsync(IRelationalConnection connection, CancellationToken cancellationToken)
   --- End of inner exception stack trace ---
   at Microsoft.EntityFrameworkCore.Update.ReaderModificationCommandBatch.ExecuteAsync(IRelationalConnection connection, CancellationToken cancellationToken)
   at Microsoft.EntityFrameworkCore.Update.Internal.BatchExecutor.ExecuteAsync(DbContext _, ValueTuple`2 parameters, CancellationToken cancellationToken)
   at Microsoft.EntityFrameworkCore.SqlServer.Storage.Internal.SqlServerExecutionStrategy.ExecuteAsync[TState,TResult](TState state, Func`4 operation, Func`4 verifySucceeded, CancellationToken cancellationToken)
   at Microsoft.EntityFrameworkCore.ChangeTracking.Internal.StateManager.SaveChangesAsync(IReadOnlyList`1 entriesToSave, CancellationToken cancellationToken)
   at Microsoft.EntityFrameworkCore.ChangeTracking.Internal.StateManager.SaveChangesAsync(Boolean acceptAllChangesOnSuccess, CancellationToken cancellationToken)
   at Microsoft.EntityFrameworkCore.DbContext.SaveChangesAsync(Boolean acceptAllChangesOnSuccess, CancellationToken cancellationToken)
2018-08-05T14:30:54.0863184-03:00 0HLFQV3JRK2HU:00000003 [FTL] "[SolicitacaoEstoque] - An error occurred while updating the entries. See the inner exception for details. - [{\"SolicitacaoEstoqueId\":0,\"Descricao\":\"dsadasda\",\"SolicitanteId\":0,\"DataSolicitacao\":\"0001-01-01T00:00:00\",\"DataPrevista\":\"2018-07-02T00:00:00\",\"StatusSolicitacaoEstoqueMovimentacaoId\":0,\"AttributeBehavior\":null}]" - [1] (4da76d2f)
2018-08-05T14:30:54.0959885-03:00 0HLFQV3JRK2HU:00000003 [INF] Executed action method "CalemasERP.Core.Api.Controllers.SolicitacaoEstoqueController.Post (Project.Api)", returned result "Microsoft.AspNetCore.Mvc.ObjectResult" in 68717.6179ms. (50a9e262)
2018-08-05T14:30:54.1037164-03:00 0HLFQV3JRK2HU:00000003 [INF] Executing ObjectResult, writing value of type '"Common.API.HttpResult`1[[CalemasERP.Core.Dto.SolicitacaoEstoqueDto, Project.Dto, Version=1.0.0.0, Culture=neutral, PublicKeyToken=null]]"'. (8a1b66c8)
2018-08-05T14:30:54.1200207-03:00 0HLFQV3JRK2HU:00000003 [INF] Executed action "CalemasERP.Core.Api.Controllers.SolicitacaoEstoqueController.Post (Project.Api)" in 69317.9853ms (afa2e885)
2018-08-05T14:30:54.1312935-03:00 0HLFQV3JRK2HU:00000003 [INF] Request finished in 69961.4551ms 500 application/json; charset=utf-8 (791a596a)
2018-08-05T14:31:00.0329393-03:00 0HLFQV3JRK2HU:00000004 [INF] Request starting HTTP/1.1 OPTIONS http://localhost:5101/api/solicitacaoestoque   (ca22a1cb)
2018-08-05T14:31:00.0355846-03:00 0HLFQV3JRK2HU:00000004 [INF] Policy execution successful. (0204925d)
2018-08-05T14:31:00.0410272-03:00 0HLFQV3JRK2HU:00000004 [INF] Request finished in 7.0195ms 204  (791a596a)
2018-08-05T14:31:00.0558474-03:00 0HLFQV3JRK2HU:00000005 [INF] Request starting HTTP/1.1 POST http://localhost:5101/api/solicitacaoestoque application/json;charset=UTF-8 52 (ca22a1cb)
2018-08-05T14:31:00.0602289-03:00 0HLFQV3JRK2HU:00000005 [INF] Successfully validated the token. (60169667)
2018-08-05T14:31:00.0643302-03:00 0HLFQV3JRK2HU:00000005 [INF] Policy execution successful. (0204925d)
2018-08-05T14:31:00.0670468-03:00 0HLFQV3JRK2HU:00000005 [INF] Route matched with "{action = \"Post\", controller = \"SolicitacaoEstoque\"}". Executing action "CalemasERP.Core.Api.Controllers.SolicitacaoEstoqueController.Post (Project.Api)" (a44c0341)
2018-08-05T14:31:00.0696622-03:00 0HLFQV3JRK2HU:00000005 [INF] Policy execution successful. (0204925d)
2018-08-05T14:31:00.0727440-03:00 0HLFQV3JRK2HU:00000005 [INF] Authorization was successful. (0d575a54)
2018-08-05T14:31:00.0788616-03:00 0HLFQV3JRK2HU:00000005 [INF] Entity Framework Core "2.1.1-rtm-30846" initialized '"DbContextCore"' using provider '"Microsoft.EntityFrameworkCore.SqlServer"' with options: "None" (9958f5bb)
2018-08-05T14:31:00.0892958-03:00 0HLFQV3JRK2HU:00000005 [INF] Executing action method "CalemasERP.Core.Api.Controllers.SolicitacaoEstoqueController.Post (Project.Api)" with arguments (["CalemasERP.Core.Dto.SolicitacaoEstoqueDtoSave"]) - Validation state: Valid (4e3479ed)
2018-08-05T14:31:13.8147201-03:00 0HLFQV3JRK2HU:00000005 [INF] Executed DbCommand ("8"ms) [Parameters=["@__model_SolicitacaoEstoqueId_0='?' (DbType = Int32)"], CommandType='Text', CommandTimeout='30']"
""SELECT TOP(2) [_].[Id], [_].[DataPrevista], [_].[DataSolicitacao], [_].[Descricao], [_].[SolicitanteId], [_].[StatusSolicitacaoEstoqueMovimentacaoId], [_].[UserAlterDate], [_].[UserAlterId], [_].[UserCreateDate], [_].[UserCreateId]
FROM [SolicitacaoEstoque] AS [_]
WHERE [_].[Id] = @__model_SolicitacaoEstoqueId_0" (0723d8ff)
